#
# There is insufficient memory for the Java Runtime Environment to continue.
# Native memory allocation (mmap) failed to map 18874368 bytes for G1 virtual space
# Possible reasons:
#   The system is out of physical RAM or swap space
#   The process is running with CompressedOops enabled, and the Java Heap may be blocking the growth of the native heap
# Possible solutions:
#   Reduce memory load on the system
#   Increase physical memory or swap space
#   Check if swap backing store is full
#   Decrease Java heap size (-Xmx/-Xms)
#   Decrease number of Java threads
#   Decrease Java thread stack sizes (-Xss)
#   Set larger code cache with -XX:ReservedCodeCacheSize=
#   JVM is running with Unscaled Compressed Oops mode in which the Java heap is
#     placed in the first 4GB address space. The Java Heap base address is the
#     maximum limit for the native heap growth. Please use -XX:HeapBaseMinAddress
#     to set the Java Heap base and to place the Java Heap above 4GB virtual address.
# This output file may be truncated or incomplete.
#
#  Out of Memory Error (os_windows.cpp:3469), pid=6348, tid=21524
#
# JRE version: OpenJDK Runtime Environment Temurin-17.0.1+12 (17.0.1+12) (build 17.0.1+12)
# Java VM: OpenJDK 64-Bit Server VM Temurin-17.0.1+12 (17.0.1+12, mixed mode, sharing, tiered, compressed oops, compressed class ptrs, g1 gc, windows-amd64)
# No core dump will be written. Minidumps are not enabled by default on client versions of Windows
#

---------------  S U M M A R Y ------------

Command Line: -javaagent:C:\Program Files\JetBrains\IntelliJ IDEA Community Edition 2021.3.3\lib\idea_rt.jar=55027:C:\Program Files\JetBrains\IntelliJ IDEA Community Edition 2021.3.3\bin -Dfile.encoding=UTF-8 com.mycompany.billingservice.BillingServiceApplication

Host: Intel(R) Core(TM) i5-6300U CPU @ 2.40GHz, 4 cores, 7G,  Windows 10 , 64 bit Build 19041 (10.0.19041.1889)
Time: Thu Nov  3 23:42:07 2022 Greenwich elapsed time: 22.882547 seconds (0d 0h 0m 22s)

---------------  T H R E A D  ---------------

Current thread (0x00000273e716c250):  VMThread "VM Thread" [stack: 0x000000ec77f00000,0x000000ec78000000] [id=21524]

Stack: [0x000000ec77f00000,0x000000ec78000000]
Native frames: (J=compiled Java code, j=interpreted, Vv=VM code, C=native code)
V  [jvm.dll+0x6744da]
V  [jvm.dll+0x82e144]
V  [jvm.dll+0x82f8ee]
V  [jvm.dll+0x82ff53]
V  [jvm.dll+0x245175]
V  [jvm.dll+0x6714c9]
V  [jvm.dll+0x665f92]
V  [jvm.dll+0x303c3b]
V  [jvm.dll+0x30b176]
V  [jvm.dll+0x35af1e]
V  [jvm.dll+0x35b14f]
V  [jvm.dll+0x2dab78]
V  [jvm.dll+0x2d8e2c]
V  [jvm.dll+0x2d83fc]
V  [jvm.dll+0x31c24b]
V  [jvm.dll+0x8343bb]
V  [jvm.dll+0x8350f4]
V  [jvm.dll+0x83560c]
V  [jvm.dll+0x8359e4]
V  [jvm.dll+0x835ab0]
V  [jvm.dll+0x7de51a]
V  [jvm.dll+0x673305]
C  [ucrtbase.dll+0x21bb2]
C  [KERNEL32.DLL+0x17034]
C  [ntdll.dll+0x526a1]

VM_Operation (0x000000ec793fb810): G1CollectForAllocation, mode: safepoint, requested by thread 0x00000273e8ca28e0


---------------  P R O C E S S  ---------------

Threads class SMR info:
_java_thread_list=0x00000273e9628730, length=22, elements={
0x00000273c96fc8a0, 0x00000273e71742c0, 0x00000273e71758d0, 0x00000273e7188680,
0x00000273e7189140, 0x00000273e718c3a0, 0x00000273e718d4f0, 0x00000273e7191f20,
0x00000273e7193160, 0x00000273e71a7260, 0x00000273e715e2e0, 0x00000273e7e63480,
0x00000273e80eb240, 0x00000273e8b452f0, 0x00000273e8ca28e0, 0x00000273eb164070,
0x00000273eb164540, 0x00000273ec44a670, 0x00000273ec3532f0, 0x00000273e9751530,
0x00000273e8ef67d0, 0x00000273e9752d40
}

Java Threads: ( => current thread )
  0x00000273c96fc8a0 JavaThread "main" [_thread_blocked, id=1924, stack(0x000000ec77900000,0x000000ec77a00000)]
  0x00000273e71742c0 JavaThread "Reference Handler" daemon [_thread_blocked, id=19948, stack(0x000000ec78000000,0x000000ec78100000)]
  0x00000273e71758d0 JavaThread "Finalizer" daemon [_thread_blocked, id=20260, stack(0x000000ec78100000,0x000000ec78200000)]
  0x00000273e7188680 JavaThread "Signal Dispatcher" daemon [_thread_blocked, id=22676, stack(0x000000ec78200000,0x000000ec78300000)]
  0x00000273e7189140 JavaThread "Attach Listener" daemon [_thread_blocked, id=14656, stack(0x000000ec78300000,0x000000ec78400000)]
  0x00000273e718c3a0 JavaThread "Service Thread" daemon [_thread_blocked, id=17612, stack(0x000000ec78400000,0x000000ec78500000)]
  0x00000273e718d4f0 JavaThread "Monitor Deflation Thread" daemon [_thread_blocked, id=23312, stack(0x000000ec78500000,0x000000ec78600000)]
  0x00000273e7191f20 JavaThread "C2 CompilerThread0" daemon [_thread_blocked, id=19908, stack(0x000000ec78600000,0x000000ec78700000)]
  0x00000273e7193160 JavaThread "C1 CompilerThread0" daemon [_thread_blocked, id=22296, stack(0x000000ec78700000,0x000000ec78800000)]
  0x00000273e71a7260 JavaThread "Sweeper thread" daemon [_thread_blocked, id=17608, stack(0x000000ec78800000,0x000000ec78900000)]
  0x00000273e715e2e0 JavaThread "Common-Cleaner" daemon [_thread_blocked, id=24312, stack(0x000000ec78900000,0x000000ec78a00000)]
  0x00000273e7e63480 JavaThread "Monitor Ctrl-Break" daemon [_thread_in_native, id=20716, stack(0x000000ec78a00000,0x000000ec78b00000)]
  0x00000273e80eb240 JavaThread "Notification Thread" daemon [_thread_blocked, id=9208, stack(0x000000ec78b00000,0x000000ec78c00000)]
  0x00000273e8b452f0 JavaThread "Thread-0" [_thread_blocked, id=23344, stack(0x000000ec79200000,0x000000ec79300000)]
  0x00000273e8ca28e0 JavaThread "restartedMain" [_thread_blocked, id=24052, stack(0x000000ec79300000,0x000000ec79400000)]
  0x00000273eb164070 JavaThread "Catalina-utility-1" [_thread_blocked, id=18956, stack(0x000000ec79400000,0x000000ec79500000)]
  0x00000273eb164540 JavaThread "Catalina-utility-2" [_thread_blocked, id=14160, stack(0x000000ec79500000,0x000000ec79600000)]
  0x00000273ec44a670 JavaThread "container-0" [_thread_blocked, id=6064, stack(0x000000ec79600000,0x000000ec79700000)]
  0x00000273ec3532f0 JavaThread "mysql-cj-abandoned-connection-cleanup" daemon [_thread_blocked, id=19204, stack(0x000000ec79700000,0x000000ec79800000)]
  0x00000273e9751530 JavaThread "HikariPool-1 housekeeper" daemon [_thread_blocked, id=24476, stack(0x000000ec79900000,0x000000ec79a00000)]
  0x00000273e8ef67d0 JavaThread "C2 CompilerThread1" daemon [_thread_blocked, id=23844, stack(0x000000ec78d00000,0x000000ec78e00000)]
  0x00000273e9752d40 JavaThread "File Watcher" daemon [_thread_blocked, id=10880, stack(0x000000ec79a00000,0x000000ec79b00000)]

Other Threads:
=>0x00000273e716c250 VMThread "VM Thread" [stack: 0x000000ec77f00000,0x000000ec78000000] [id=21524]
  0x00000273e7e62f20 WatcherThread [stack: 0x000000ec78c00000,0x000000ec78d00000] [id=23768]
  0x00000273c973d550 GCTaskThread "GC Thread#0" [stack: 0x000000ec77a00000,0x000000ec77b00000] [id=22400]
  0x00000273e87f9cf0 GCTaskThread "GC Thread#1" [stack: 0x000000ec78f00000,0x000000ec79000000] [id=22116]
  0x00000273e89b05e0 GCTaskThread "GC Thread#2" [stack: 0x000000ec79000000,0x000000ec79100000] [id=19000]
  0x00000273e8b48a70 GCTaskThread "GC Thread#3" [stack: 0x000000ec78e00000,0x000000ec78f00000] [id=17944]
  0x00000273c974e150 ConcurrentGCThread "G1 Main Marker" [stack: 0x000000ec77b00000,0x000000ec77c00000] [id=1136]
  0x00000273c974f300 ConcurrentGCThread "G1 Conc#0" [stack: 0x000000ec77c00000,0x000000ec77d00000] [id=18384]
  0x00000273c97c7990 ConcurrentGCThread "G1 Refine#0" [stack: 0x000000ec77d00000,0x000000ec77e00000] [id=19400]
  0x00000273e8b48d20 ConcurrentGCThread "G1 Refine#1" [stack: 0x000000ec79100000,0x000000ec79200000] [id=3424]
  0x00000273c97c83b0 ConcurrentGCThread "G1 Service" [stack: 0x000000ec77e00000,0x000000ec77f00000] [id=20452]

Threads with active compile tasks:
C2 CompilerThread0    22942 6543       4       sun.reflect.annotation.AnnotationInvocationHandler::invoke (178 bytes)
C1 CompilerThread0    22942 6551       2       org.springframework.core.annotation.AnnotationTypeMapping::resolveAliasTarget (394 bytes)
C2 CompilerThread1    22942 6294   !   4       org.springframework.core.annotation.AnnotationsScanner::processClassHierarchy (227 bytes)

VM state: at safepoint (normal execution)

VM Mutex/Monitor currently owned by a thread:  ([mutex/lock_event])
[0x00000273c96f6010] Threads_lock - owner thread: 0x00000273e716c250
[0x00000273c96f79f0] Heap_lock - owner thread: 0x00000273e8ca28e0

Heap address: 0x0000000081a00000, size: 2022 MB, Compressed Oops mode: 32-bit

CDS archive(s) mapped at: [0x0000000800000000-0x0000000800bc0000-0x0000000800bc0000), size 12320768, SharedBaseAddress: 0x0000000800000000, ArchiveRelocationMode: 0.
Compressed class space mapped at: 0x0000000800c00000-0x0000000840c00000, reserved size: 1073741824
Narrow klass base: 0x0000000800000000, Narrow klass shift: 0, Narrow klass range: 0x100000000

GC Precious Log:
 CPUs: 4 total, 4 available
 Memory: 8083M
 Large Page Support: Disabled
 NUMA Support: Disabled
 Compressed Oops: Enabled (32-bit)
 Heap Region Size: 1M
 Heap Min Capacity: 8M
 Heap Initial Capacity: 128M
 Heap Max Capacity: 2022M
 Pre-touch: Disabled
 Parallel Workers: 4
 Concurrent Workers: 1
 Concurrent Refinement Workers: 4
 Periodic GC: Disabled

Heap:
 garbage-first heap   total 112640K, used 53113K [0x0000000081a00000, 0x0000000100000000)
  region size 1024K, 1 young (1024K), 1 survivors (1024K)
 Metaspace       used 59766K, committed 60160K, reserved 1105920K
  class space    used 8041K, committed 8256K, reserved 1048576K

Heap Regions: E=young(eden), S=young(survivor), O=old, HS=humongous(starts), HC=humongous(continues), CS=collection set, F=free, OA=open archive, CA=closed archive, TAMS=top-at-mark-start (previous, next)
|   0|0x0000000081a00000, 0x0000000081b00000, 0x0000000081b00000|100%|HS|  |TAMS 0x0000000081b00000, 0x0000000081a00000| Complete 
|   1|0x0000000081b00000, 0x0000000081c00000, 0x0000000081c00000|100%| O|  |TAMS 0x0000000081c00000, 0x0000000081b00000| Untracked 
|   2|0x0000000081c00000, 0x0000000081d00000, 0x0000000081d00000|100%| O|  |TAMS 0x0000000081d00000, 0x0000000081c00000| Untracked 
|   3|0x0000000081d00000, 0x0000000081e00000, 0x0000000081e00000|100%| O|  |TAMS 0x0000000081e00000, 0x0000000081d00000| Untracked 
|   4|0x0000000081e00000, 0x0000000081f00000, 0x0000000081f00000|100%| O|  |TAMS 0x0000000081f00000, 0x0000000081e00000| Untracked 
|   5|0x0000000081f00000, 0x0000000082000000, 0x0000000082000000|100%| O|  |TAMS 0x0000000082000000, 0x0000000081f00000| Untracked 
|   6|0x0000000082000000, 0x0000000082100000, 0x0000000082100000|100%| O|  |TAMS 0x0000000082100000, 0x0000000082000000| Untracked 
|   7|0x0000000082100000, 0x0000000082200000, 0x0000000082200000|100%| O|  |TAMS 0x0000000082200000, 0x0000000082100000| Untracked 
|   8|0x0000000082200000, 0x0000000082300000, 0x0000000082300000|100%| O|  |TAMS 0x0000000082300000, 0x0000000082200000| Untracked 
|   9|0x0000000082300000, 0x0000000082400000, 0x0000000082400000|100%| O|  |TAMS 0x0000000082400000, 0x0000000082300000| Untracked 
|  10|0x0000000082400000, 0x0000000082500000, 0x0000000082500000|100%| O|  |TAMS 0x0000000082500000, 0x0000000082400000| Untracked 
|  11|0x0000000082500000, 0x0000000082600000, 0x0000000082600000|100%| O|  |TAMS 0x0000000082600000, 0x0000000082500000| Untracked 
|  12|0x0000000082600000, 0x0000000082700000, 0x0000000082700000|100%| O|  |TAMS 0x0000000082700000, 0x0000000082600000| Untracked 
|  13|0x0000000082700000, 0x0000000082800000, 0x0000000082800000|100%| O|  |TAMS 0x0000000082800000, 0x0000000082700000| Untracked 
|  14|0x0000000082800000, 0x0000000082900000, 0x0000000082900000|100%| O|  |TAMS 0x0000000082900000, 0x0000000082800000| Untracked 
|  15|0x0000000082900000, 0x0000000082a00000, 0x0000000082a00000|100%| O|  |TAMS 0x0000000082a00000, 0x0000000082900000| Untracked 
|  16|0x0000000082a00000, 0x0000000082a98200, 0x0000000082b00000| 59%| O|  |TAMS 0x0000000082a98200, 0x0000000082a00000| Untracked 
|  17|0x0000000082b00000, 0x0000000082c00000, 0x0000000082c00000|100%| O|  |TAMS 0x0000000082c00000, 0x0000000082b00000| Untracked 
|  18|0x0000000082c00000, 0x0000000082d00000, 0x0000000082d00000|100%| O|  |TAMS 0x0000000082d00000, 0x0000000082c00000| Untracked 
|  19|0x0000000082d00000, 0x0000000082e00000, 0x0000000082e00000|100%| O|  |TAMS 0x0000000082e00000, 0x0000000082d00000| Untracked 
|  20|0x0000000082e00000, 0x0000000082f00000, 0x0000000082f00000|100%| O|  |TAMS 0x0000000082f00000, 0x0000000082e00000| Untracked 
|  21|0x0000000082f00000, 0x0000000083000000, 0x0000000083000000|100%| O|  |TAMS 0x0000000083000000, 0x0000000082f00000| Untracked 
|  22|0x0000000083000000, 0x0000000083100000, 0x0000000083100000|100%| O|  |TAMS 0x0000000083100000, 0x0000000083000000| Untracked 
|  23|0x0000000083100000, 0x0000000083200000, 0x0000000083200000|100%| O|  |TAMS 0x0000000083200000, 0x0000000083100000| Untracked 
|  24|0x0000000083200000, 0x0000000083300000, 0x0000000083300000|100%| O|  |TAMS 0x0000000083300000, 0x0000000083200000| Untracked 
|  25|0x0000000083300000, 0x0000000083400000, 0x0000000083400000|100%| O|  |TAMS 0x0000000083400000, 0x0000000083300000| Untracked 
|  26|0x0000000083400000, 0x0000000083500000, 0x0000000083500000|100%| O|  |TAMS 0x0000000083500000, 0x0000000083400000| Untracked 
|  27|0x0000000083500000, 0x0000000083600000, 0x0000000083600000|100%| O|  |TAMS 0x0000000083600000, 0x0000000083500000| Untracked 
|  28|0x0000000083600000, 0x0000000083700000, 0x0000000083700000|100%| O|  |TAMS 0x0000000083700000, 0x0000000083600000| Untracked 
|  29|0x0000000083700000, 0x0000000083800000, 0x0000000083800000|100%| O|  |TAMS 0x0000000083800000, 0x0000000083700000| Untracked 
|  30|0x0000000083800000, 0x0000000083900000, 0x0000000083900000|100%| O|  |TAMS 0x0000000083900000, 0x0000000083800000| Untracked 
|  31|0x0000000083900000, 0x0000000083a00000, 0x0000000083a00000|100%| O|  |TAMS 0x0000000083a00000, 0x0000000083900000| Untracked 
|  32|0x0000000083a00000, 0x0000000083b00000, 0x0000000083b00000|100%| O|  |TAMS 0x0000000083b00000, 0x0000000083a00000| Untracked 
|  33|0x0000000083b00000, 0x0000000083c00000, 0x0000000083c00000|100%| O|  |TAMS 0x0000000083c00000, 0x0000000083b00000| Untracked 
|  34|0x0000000083c00000, 0x0000000083d00000, 0x0000000083d00000|100%| O|  |TAMS 0x0000000083d00000, 0x0000000083c00000| Untracked 
|  35|0x0000000083d00000, 0x0000000083e00000, 0x0000000083e00000|100%| O|  |TAMS 0x0000000083d00000, 0x0000000083d00000| Untracked 
|  36|0x0000000083e00000, 0x0000000083f00000, 0x0000000083f00000|100%| O|  |TAMS 0x0000000083e00000, 0x0000000083e00000| Untracked 
|  37|0x0000000083f00000, 0x0000000083f00000, 0x0000000084000000|  0%| F|  |TAMS 0x0000000083f00000, 0x0000000083f00000| Untracked 
|  38|0x0000000084000000, 0x0000000084100000, 0x0000000084100000|100%| O|  |TAMS 0x0000000084000000, 0x0000000084000000| Untracked 
|  39|0x0000000084100000, 0x0000000084200000, 0x0000000084200000|100%| O|  |TAMS 0x0000000084200000, 0x0000000084100000| Untracked 
|  40|0x0000000084200000, 0x0000000084300000, 0x0000000084300000|100%| O|  |TAMS 0x0000000084200000, 0x0000000084200000| Untracked 
|  41|0x0000000084300000, 0x0000000084400000, 0x0000000084400000|100%| O|  |TAMS 0x0000000084300000, 0x0000000084300000| Untracked 
|  42|0x0000000084400000, 0x0000000084400000, 0x0000000084500000|  0%| F|  |TAMS 0x0000000084400000, 0x0000000084400000| Untracked 
|  43|0x0000000084500000, 0x0000000084600000, 0x0000000084600000|100%| O|  |TAMS 0x0000000084500000, 0x0000000084500000| Untracked 
|  44|0x0000000084600000, 0x0000000084700000, 0x0000000084700000|100%| O|  |TAMS 0x0000000084600000, 0x0000000084600000| Untracked 
|  45|0x0000000084700000, 0x0000000084800000, 0x0000000084800000|100%| O|  |TAMS 0x0000000084700000, 0x0000000084700000| Untracked 
|  46|0x0000000084800000, 0x0000000084800000, 0x0000000084900000|  0%| F|  |TAMS 0x0000000084800000, 0x0000000084800000| Untracked 
|  47|0x0000000084900000, 0x0000000084a00000, 0x0000000084a00000|100%| O|  |TAMS 0x0000000084900000, 0x0000000084900000| Untracked 
|  48|0x0000000084a00000, 0x0000000084b00000, 0x0000000084b00000|100%| O|  |TAMS 0x0000000084a00000, 0x0000000084a00000| Untracked 
|  49|0x0000000084b00000, 0x0000000084bf1e00, 0x0000000084c00000| 94%| O|  |TAMS 0x0000000084b00000, 0x0000000084b00000| Untracked 
|  50|0x0000000084c00000, 0x0000000084c00000, 0x0000000084d00000|  0%| F|  |TAMS 0x0000000084c00000, 0x0000000084c00000| Untracked 
|  51|0x0000000084d00000, 0x0000000084d00000, 0x0000000084e00000|  0%| F|  |TAMS 0x0000000084d00000, 0x0000000084d00000| Untracked 
|  52|0x0000000084e00000, 0x0000000084f00000, 0x0000000084f00000|100%| O|  |TAMS 0x0000000084f00000, 0x0000000084e00000| Untracked 
|  53|0x0000000084f00000, 0x0000000085000000, 0x0000000085000000|100%| O|  |TAMS 0x0000000085000000, 0x0000000084f00000| Untracked 
|  54|0x0000000085000000, 0x0000000085000000, 0x0000000085100000|  0%| F|  |TAMS 0x0000000085000000, 0x0000000085000000| Untracked 
|  55|0x0000000085100000, 0x0000000085200000, 0x0000000085200000|100%| O|  |TAMS 0x0000000085200000, 0x0000000085100000| Untracked 
|  56|0x0000000085200000, 0x0000000085300000, 0x0000000085300000|100%| O|  |TAMS 0x0000000085300000, 0x0000000085200000| Untracked 
|  57|0x0000000085300000, 0x0000000085400000, 0x0000000085400000|100%| O|  |TAMS 0x0000000085333000, 0x0000000085300000| Untracked 
|  58|0x0000000085400000, 0x0000000085400000, 0x0000000085500000|  0%| F|  |TAMS 0x0000000085400000, 0x0000000085400000| Untracked 
|  59|0x0000000085500000, 0x0000000085500000, 0x0000000085600000|  0%| F|  |TAMS 0x0000000085500000, 0x0000000085500000| Untracked 
|  60|0x0000000085600000, 0x0000000085600000, 0x0000000085700000|  0%| F|  |TAMS 0x0000000085600000, 0x0000000085600000| Untracked 
|  61|0x0000000085700000, 0x0000000085700000, 0x0000000085800000|  0%| F|  |TAMS 0x0000000085700000, 0x0000000085700000| Untracked 
|  62|0x0000000085800000, 0x0000000085800000, 0x0000000085900000|  0%| F|  |TAMS 0x0000000085800000, 0x0000000085800000| Untracked 
|  63|0x0000000085900000, 0x0000000085900000, 0x0000000085a00000|  0%| F|  |TAMS 0x0000000085900000, 0x0000000085900000| Untracked 
|  64|0x0000000085a00000, 0x0000000085a00000, 0x0000000085b00000|  0%| F|  |TAMS 0x0000000085a00000, 0x0000000085a00000| Untracked 
|  65|0x0000000085b00000, 0x0000000085b00000, 0x0000000085c00000|  0%| F|  |TAMS 0x0000000085b00000, 0x0000000085b00000| Untracked 
|  66|0x0000000085c00000, 0x0000000085c00000, 0x0000000085d00000|  0%| F|  |TAMS 0x0000000085c00000, 0x0000000085c00000| Untracked 
|  67|0x0000000085d00000, 0x0000000085d00000, 0x0000000085e00000|  0%| F|  |TAMS 0x0000000085d00000, 0x0000000085d00000| Untracked 
|  68|0x0000000085e00000, 0x0000000085e00000, 0x0000000085f00000|  0%| F|  |TAMS 0x0000000085e00000, 0x0000000085e00000| Untracked 
|  69|0x0000000085f00000, 0x0000000085f00000, 0x0000000086000000|  0%| F|  |TAMS 0x0000000085f00000, 0x0000000085f00000| Untracked 
|  70|0x0000000086000000, 0x0000000086000000, 0x0000000086100000|  0%| F|  |TAMS 0x0000000086000000, 0x0000000086000000| Untracked 
|  71|0x0000000086100000, 0x0000000086100000, 0x0000000086200000|  0%| F|  |TAMS 0x0000000086100000, 0x0000000086100000| Untracked 
|  72|0x0000000086200000, 0x0000000086200000, 0x0000000086300000|  0%| F|  |TAMS 0x0000000086200000, 0x0000000086200000| Untracked 
|  73|0x0000000086300000, 0x0000000086300000, 0x0000000086400000|  0%| F|  |TAMS 0x0000000086300000, 0x0000000086300000| Untracked 
|  74|0x0000000086400000, 0x0000000086400000, 0x0000000086500000|  0%| F|  |TAMS 0x0000000086400000, 0x0000000086400000| Untracked 
|  75|0x0000000086500000, 0x0000000086500000, 0x0000000086600000|  0%| F|  |TAMS 0x0000000086500000, 0x0000000086500000| Untracked 
|  76|0x0000000086600000, 0x0000000086600000, 0x0000000086700000|  0%| F|  |TAMS 0x0000000086600000, 0x0000000086600000| Untracked 
|  77|0x0000000086700000, 0x0000000086700000, 0x0000000086800000|  0%| F|  |TAMS 0x0000000086700000, 0x0000000086700000| Untracked 
|  78|0x0000000086800000, 0x0000000086800000, 0x0000000086900000|  0%| F|  |TAMS 0x0000000086800000, 0x0000000086800000| Untracked 
|  79|0x0000000086900000, 0x0000000086900000, 0x0000000086a00000|  0%| F|  |TAMS 0x0000000086900000, 0x0000000086900000| Untracked 
|  80|0x0000000086a00000, 0x0000000086a00000, 0x0000000086b00000|  0%| F|  |TAMS 0x0000000086a00000, 0x0000000086a00000| Untracked 
|  81|0x0000000086b00000, 0x0000000086b00000, 0x0000000086c00000|  0%| F|  |TAMS 0x0000000086b00000, 0x0000000086b00000| Untracked 
|  82|0x0000000086c00000, 0x0000000086c00000, 0x0000000086d00000|  0%| F|  |TAMS 0x0000000086c00000, 0x0000000086c00000| Untracked 
|  83|0x0000000086d00000, 0x0000000086d00000, 0x0000000086e00000|  0%| F|  |TAMS 0x0000000086d00000, 0x0000000086d00000| Untracked 
|  84|0x0000000086e00000, 0x0000000086e00000, 0x0000000086f00000|  0%| F|  |TAMS 0x0000000086e00000, 0x0000000086e00000| Untracked 
|  85|0x0000000086f00000, 0x0000000086f00000, 0x0000000087000000|  0%| F|  |TAMS 0x0000000086f00000, 0x0000000086f00000| Untracked 
|  86|0x0000000087000000, 0x0000000087000000, 0x0000000087100000|  0%| F|  |TAMS 0x0000000087000000, 0x0000000087000000| Untracked 
|  87|0x0000000087100000, 0x0000000087100000, 0x0000000087200000|  0%| F|  |TAMS 0x0000000087100000, 0x0000000087100000| Untracked 
|  88|0x0000000087200000, 0x0000000087200000, 0x0000000087300000|  0%| F|  |TAMS 0x0000000087200000, 0x0000000087200000| Untracked 
|  89|0x0000000087300000, 0x0000000087300000, 0x0000000087400000|  0%| F|  |TAMS 0x0000000087300000, 0x0000000087300000| Untracked 
|  90|0x0000000087400000, 0x0000000087400000, 0x0000000087500000|  0%| F|  |TAMS 0x0000000087400000, 0x0000000087400000| Untracked 
|  91|0x0000000087500000, 0x0000000087500000, 0x0000000087600000|  0%| F|  |TAMS 0x0000000087500000, 0x0000000087500000| Untracked 
|  92|0x0000000087600000, 0x0000000087600000, 0x0000000087700000|  0%| F|  |TAMS 0x0000000087600000, 0x0000000087600000| Untracked 
|  93|0x0000000087700000, 0x0000000087700000, 0x0000000087800000|  0%| F|  |TAMS 0x0000000087700000, 0x0000000087700000| Untracked 
|  94|0x0000000087800000, 0x0000000087800000, 0x0000000087900000|  0%| F|  |TAMS 0x0000000087800000, 0x0000000087800000| Untracked 
|  95|0x0000000087900000, 0x0000000087900000, 0x0000000087a00000|  0%| F|  |TAMS 0x0000000087900000, 0x0000000087900000| Untracked 
|  96|0x0000000087a00000, 0x0000000087a00000, 0x0000000087b00000|  0%| F|  |TAMS 0x0000000087a00000, 0x0000000087a00000| Untracked 
|  97|0x0000000087b00000, 0x0000000087b00000, 0x0000000087c00000|  0%| F|  |TAMS 0x0000000087b00000, 0x0000000087b00000| Untracked 
|  98|0x0000000087c00000, 0x0000000087c00000, 0x0000000087d00000|  0%| F|  |TAMS 0x0000000087c00000, 0x0000000087c00000| Untracked 
|  99|0x0000000087d00000, 0x0000000087d00000, 0x0000000087e00000|  0%| F|  |TAMS 0x0000000087d00000, 0x0000000087d00000| Untracked 
| 100|0x0000000087e00000, 0x0000000087e00000, 0x0000000087f00000|  0%| F|  |TAMS 0x0000000087e00000, 0x0000000087e00000| Untracked 
| 101|0x0000000087f00000, 0x0000000087f00000, 0x0000000088000000|  0%| F|  |TAMS 0x0000000087f00000, 0x0000000087f00000| Untracked 
| 102|0x0000000088000000, 0x0000000088000000, 0x0000000088100000|  0%| F|  |TAMS 0x0000000088000000, 0x0000000088000000| Untracked 
| 103|0x0000000088100000, 0x0000000088100000, 0x0000000088200000|  0%| F|  |TAMS 0x0000000088100000, 0x0000000088100000| Untracked 
| 104|0x0000000088200000, 0x0000000088200000, 0x0000000088300000|  0%| F|  |TAMS 0x0000000088200000, 0x0000000088200000| Untracked 
| 105|0x0000000088300000, 0x0000000088300000, 0x0000000088400000|  0%| F|  |TAMS 0x0000000088300000, 0x0000000088300000| Untracked 
| 106|0x0000000088400000, 0x0000000088400000, 0x0000000088500000|  0%| F|  |TAMS 0x0000000088400000, 0x0000000088400000| Untracked 
| 107|0x0000000088500000, 0x0000000088500000, 0x0000000088600000|  0%| F|  |TAMS 0x0000000088500000, 0x0000000088500000| Untracked 
| 108|0x0000000088600000, 0x0000000088654460, 0x0000000088700000| 32%| S|CS|TAMS 0x0000000088600000, 0x0000000088600000| Complete 
| 127|0x0000000089900000, 0x0000000089900000, 0x0000000089a00000|  0%| F|  |TAMS 0x0000000089900000, 0x0000000089900000| Untracked 

Card table byte_map: [0x00000273e05c0000,0x00000273e09c0000] _byte_map_base: 0x00000273e01b3000

Marking Bits (Prev, Next): (CMBitMap*) 0x00000273c973dba0, (CMBitMap*) 0x00000273c973db60
 Prev Bits: [0x00000273e2d60000, 0x00000273e4cf8000)
 Next Bits: [0x00000273e0dc0000, 0x00000273e2d58000)

Polling page: 0x00000273c74e0000

Metaspace:

Usage:
  Non-class:     50.51 MB used.
      Class:      7.85 MB used.
       Both:     58.37 MB used.

Virtual space:
  Non-class space:       56.00 MB reserved,      50.69 MB ( 91%) committed,  7 nodes.
      Class space:        1.00 GB reserved,       8.06 MB ( <1%) committed,  1 nodes.
             Both:        1.05 GB reserved,      58.75 MB (  5%) committed. 

Chunk freelists:
   Non-Class:  640.00 KB
       Class:  3.91 MB
        Both:  4.53 MB

MaxMetaspaceSize: unlimited
CompressedClassSpaceSize: 1.00 GB
Initial GC threshold: 21.00 MB
Current GC threshold: 96.19 MB
CDS: on
MetaspaceReclaimPolicy: balanced
 - commit_granule_bytes: 65536.
 - commit_granule_words: 8192.
 - virtual_space_node_default_size: 1048576.
 - enlarge_chunks_in_place: 1.
 - new_chunks_are_fully_committed: 0.
 - uncommit_free_chunks: 1.
 - use_allocation_guard: 0.
 - handle_deallocations: 1.


Internal statistics:

num_allocs_failed_limit: 6.
num_arena_births: 514.
num_arena_deaths: 2.
num_vsnodes_births: 8.
num_vsnodes_deaths: 0.
num_space_committed: 940.
num_space_uncommitted: 0.
num_chunks_returned_to_freelist: 9.
num_chunks_taken_from_freelist: 2766.
num_chunk_merges: 3.
num_chunk_splits: 1935.
num_chunks_enlarged: 1499.
num_purges: 2.
num_inconsistent_stats: 0.

CodeHeap 'non-profiled nmethods': size=120000Kb used=4390Kb max_used=4390Kb free=115610Kb
 bounds [0x00000273d8c90000, 0x00000273d90e0000, 0x00000273e01c0000]
CodeHeap 'profiled nmethods': size=120000Kb used=13137Kb max_used=13137Kb free=106862Kb
 bounds [0x00000273d1760000, 0x00000273d2440000, 0x00000273d8c90000]
CodeHeap 'non-nmethods': size=5760Kb used=1287Kb max_used=1411Kb free=4472Kb
 bounds [0x00000273d11c0000, 0x00000273d1430000, 0x00000273d1760000]
 total_blobs=6372 nmethods=5762 adapters=522
 compilation: enabled
              stopped_count=0, restarted_count=0
 full_count=0

Compilation events (20 events):
Event: 22.747 Thread 0x00000273e7191f20 6501       4       org.springframework.core.annotation.TypeMappedAnnotations$MergedAnnotationFinder::doWithAnnotations (75 bytes)
Event: 22.764 Thread 0x00000273e7193160 6541       2       org.springframework.beans.factory.support.DefaultSingletonBeanRegistry::beforeSingletonCreation (36 bytes)
Event: 22.765 Thread 0x00000273e7193160 nmethod 6541 0x00000273d2433c10 code [0x00000273d2433dc0, 0x00000273d2433fc8]
Event: 22.772 Thread 0x00000273e7193160 6542       2       org.springframework.beans.factory.support.DefaultSingletonBeanRegistry::afterSingletonCreation (59 bytes)
Event: 22.773 Thread 0x00000273e7193160 nmethod 6542 0x00000273d2434110 code [0x00000273d2434320, 0x00000273d24346c8]
Event: 22.780 Thread 0x00000273e7193160 6544       2       org.springframework.beans.factory.annotation.AutowiredAnnotationBeanPostProcessor::buildAutowiringMetadata (90 bytes)
Event: 22.782 Thread 0x00000273e7193160 nmethod 6544 0x00000273d2434910 code [0x00000273d2434b60, 0x00000273d24354e8]
Event: 22.784 Thread 0x00000273e7193160 6545   !   2       jdk.proxy2.$Proxy63::annotationType (29 bytes)
Event: 22.784 Thread 0x00000273e7193160 nmethod 6545 0x00000273d2435890 code [0x00000273d2435a40, 0x00000273d2435cb8]
Event: 22.807 Thread 0x00000273e7193160 6546       1       org.springframework.aop.framework.autoproxy.AbstractAutoProxyCreator::determineCandidateConstructors (2 bytes)
Event: 22.807 Thread 0x00000273e7193160 nmethod 6546 0x00000273d90d5490 code [0x00000273d90d5620, 0x00000273d90d56f8]
Event: 22.815 Thread 0x00000273e7193160 6547       2       org.springframework.beans.factory.support.DefaultListableBeanFactory::isAutowireCandidate (106 bytes)
Event: 22.816 Thread 0x00000273e7193160 nmethod 6547 0x00000273d2435e10 code [0x00000273d24360a0, 0x00000273d24368e8]
Event: 22.848 Thread 0x00000273e7191f20 nmethod 6501 0x00000273d90d5790 code [0x00000273d90d5aa0, 0x00000273d90d7b30]
Event: 22.848 Thread 0x00000273e7191f20 6543       4       sun.reflect.annotation.AnnotationInvocationHandler::invoke (178 bytes)
Event: 22.860 Thread 0x00000273e7193160 6548       1       org.springframework.beans.factory.config.SmartInstantiationAwareBeanPostProcessor::determineCandidateConstructors (2 bytes)
Event: 22.860 Thread 0x00000273e7193160 nmethod 6548 0x00000273d90d9510 code [0x00000273d90d96a0, 0x00000273d90d9778]
Event: 22.863 Thread 0x00000273e7193160 6550       2       org.springframework.context.annotation.ContextAnnotationAutowireCandidateResolver::isLazy (119 bytes)
Event: 22.863 Thread 0x00000273e7193160 nmethod 6550 0x00000273d2436d10 code [0x00000273d2436f20, 0x00000273d2437378]
Event: 22.863 Thread 0x00000273e7193160 6551       2       org.springframework.core.annotation.AnnotationTypeMapping::resolveAliasTarget (394 bytes)

GC Heap History (20 events):
Event: 17.382 GC heap after
{Heap after GC invocations=18 (full 0):
 garbage-first heap   total 75776K, used 32307K [0x0000000081a00000, 0x0000000100000000)
  region size 1024K, 3 young (3072K), 3 survivors (3072K)
 Metaspace       used 56641K, committed 57024K, reserved 1097728K
  class space    used 7682K, committed 7872K, reserved 1048576K
}
Event: 18.846 GC heap before
{Heap before GC invocations=18 (full 0):
 garbage-first heap   total 75776K, used 58931K [0x0000000081a00000, 0x0000000100000000)
  region size 1024K, 29 young (29696K), 3 survivors (3072K)
 Metaspace       used 58188K, committed 58624K, reserved 1105920K
  class space    used 7846K, committed 8064K, reserved 1048576K
}
Event: 18.857 GC heap after
{Heap after GC invocations=19 (full 0):
 garbage-first heap   total 75776K, used 36608K [0x0000000081a00000, 0x0000000100000000)
  region size 1024K, 4 young (4096K), 4 survivors (4096K)
 Metaspace       used 58188K, committed 58624K, reserved 1105920K
  class space    used 7846K, committed 8064K, reserved 1048576K
}
Event: 19.051 GC heap before
{Heap before GC invocations=19 (full 0):
 garbage-first heap   total 75776K, used 57088K [0x0000000081a00000, 0x0000000100000000)
  region size 1024K, 25 young (25600K), 4 survivors (4096K)
 Metaspace       used 58237K, committed 58688K, reserved 1105920K
  class space    used 7849K, committed 8064K, reserved 1048576K
}
Event: 19.061 GC heap after
{Heap after GC invocations=20 (full 0):
 garbage-first heap   total 75776K, used 42592K [0x0000000081a00000, 0x0000000100000000)
  region size 1024K, 4 young (4096K), 4 survivors (4096K)
 Metaspace       used 58237K, committed 58688K, reserved 1105920K
  class space    used 7849K, committed 8064K, reserved 1048576K
}
Event: 19.439 GC heap before
{Heap before GC invocations=20 (full 0):
 garbage-first heap   total 75776K, used 49760K [0x0000000081a00000, 0x0000000100000000)
  region size 1024K, 12 young (12288K), 4 survivors (4096K)
 Metaspace       used 58331K, committed 58752K, reserved 1105920K
  class space    used 7858K, committed 8064K, reserved 1048576K
}
Event: 19.447 GC heap after
{Heap after GC invocations=21 (full 0):
 garbage-first heap   total 95232K, used 45537K [0x0000000081a00000, 0x0000000100000000)
  region size 1024K, 3 young (3072K), 3 survivors (3072K)
 Metaspace       used 58331K, committed 58752K, reserved 1105920K
  class space    used 7858K, committed 8064K, reserved 1048576K
}
Event: 19.896 GC heap before
{Heap before GC invocations=22 (full 0):
 garbage-first heap   total 96256K, used 66017K [0x0000000081a00000, 0x0000000100000000)
  region size 1024K, 23 young (23552K), 3 survivors (3072K)
 Metaspace       used 58366K, committed 58752K, reserved 1105920K
  class space    used 7858K, committed 8064K, reserved 1048576K
}
Event: 19.904 GC heap after
{Heap after GC invocations=23 (full 0):
 garbage-first heap   total 96256K, used 49595K [0x0000000081a00000, 0x0000000100000000)
  region size 1024K, 3 young (3072K), 3 survivors (3072K)
 Metaspace       used 58366K, committed 58752K, reserved 1105920K
  class space    used 7858K, committed 8064K, reserved 1048576K
}
Event: 20.204 GC heap before
{Heap before GC invocations=23 (full 0):
 garbage-first heap   total 96256K, used 69051K [0x0000000081a00000, 0x0000000100000000)
  region size 1024K, 23 young (23552K), 3 survivors (3072K)
 Metaspace       used 58392K, committed 58816K, reserved 1105920K
  class space    used 7858K, committed 8064K, reserved 1048576K
}
Event: 20.213 GC heap after
{Heap after GC invocations=24 (full 0):
 garbage-first heap   total 96256K, used 55748K [0x0000000081a00000, 0x0000000100000000)
  region size 1024K, 3 young (3072K), 3 survivors (3072K)
 Metaspace       used 58392K, committed 58816K, reserved 1105920K
  class space    used 7858K, committed 8064K, reserved 1048576K
}
Event: 20.472 GC heap before
{Heap before GC invocations=25 (full 0):
 garbage-first heap   total 112640K, used 71108K [0x0000000081a00000, 0x0000000100000000)
  region size 1024K, 19 young (19456K), 3 survivors (3072K)
 Metaspace       used 58414K, committed 58816K, reserved 1105920K
  class space    used 7858K, committed 8064K, reserved 1048576K
}
Event: 20.481 GC heap after
{Heap after GC invocations=26 (full 0):
 garbage-first heap   total 112640K, used 57952K [0x0000000081a00000, 0x0000000100000000)
  region size 1024K, 3 young (3072K), 3 survivors (3072K)
 Metaspace       used 58414K, committed 58816K, reserved 1105920K
  class space    used 7858K, committed 8064K, reserved 1048576K
}
Event: 20.488 GC heap before
{Heap before GC invocations=26 (full 0):
 garbage-first heap   total 112640K, used 60000K [0x0000000081a00000, 0x0000000100000000)
  region size 1024K, 5 young (5120K), 3 survivors (3072K)
 Metaspace       used 58414K, committed 58816K, reserved 1105920K
  class space    used 7858K, committed 8064K, reserved 1048576K
}
Event: 20.494 GC heap after
{Heap after GC invocations=27 (full 0):
 garbage-first heap   total 112640K, used 52779K [0x0000000081a00000, 0x0000000100000000)
  region size 1024K, 1 young (1024K), 1 survivors (1024K)
 Metaspace       used 58414K, committed 58816K, reserved 1105920K
  class space    used 7858K, committed 8064K, reserved 1048576K
}
Event: 21.448 GC heap before
{Heap before GC invocations=27 (full 0):
 garbage-first heap   total 112640K, used 79403K [0x0000000081a00000, 0x0000000100000000)
  region size 1024K, 28 young (28672K), 1 survivors (1024K)
 Metaspace       used 58610K, committed 59072K, reserved 1105920K
  class space    used 7895K, committed 8128K, reserved 1048576K
}
Event: 21.458 GC heap after
{Heap after GC invocations=28 (full 0):
 garbage-first heap   total 112640K, used 59803K [0x0000000081a00000, 0x0000000100000000)
  region size 1024K, 4 young (4096K), 4 survivors (4096K)
 Metaspace       used 58610K, committed 59072K, reserved 1105920K
  class space    used 7895K, committed 8128K, reserved 1048576K
}
Event: 22.817 GC heap before
{Heap before GC invocations=29 (full 0):
 garbage-first heap   total 112640K, used 78235K [0x0000000081a00000, 0x0000000100000000)
  region size 1024K, 27 young (27648K), 4 survivors (4096K)
 Metaspace       used 59681K, committed 60096K, reserved 1105920K
  class space    used 8029K, committed 8256K, reserved 1048576K
}
Event: 22.831 GC heap after
{Heap after GC invocations=30 (full 0):
 garbage-first heap   total 112640K, used 58781K [0x0000000081a00000, 0x0000000100000000)
  region size 1024K, 4 young (4096K), 4 survivors (4096K)
 Metaspace       used 59681K, committed 60096K, reserved 1105920K
  class space    used 8029K, committed 8256K, reserved 1048576K
}
Event: 22.866 GC heap before
{Heap before GC invocations=30 (full 0):
 garbage-first heap   total 112640K, used 58781K [0x0000000081a00000, 0x0000000100000000)
  region size 1024K, 5 young (5120K), 4 survivors (4096K)
 Metaspace       used 59766K, committed 60160K, reserved 1105920K
  class space    used 8041K, committed 8256K, reserved 1048576K
}

Deoptimization events (20 events):
Event: 21.902 Thread 0x00000273e8ca28e0 Uncommon trap: trap_request=0xfffffff4 fr.pc=0x00000273d8dcb5e4 relative=0x0000000000000244
Event: 21.902 Thread 0x00000273e8ca28e0 Uncommon trap: reason=null_check action=make_not_entrant pc=0x00000273d8dcb5e4 method=org.springframework.util.ClassUtils.isAssignable(Ljava/lang/Class;Ljava/lang/Class;)Z @ 14 c2
Event: 21.902 Thread 0x00000273e8ca28e0 DEOPT PACKING pc=0x00000273d8dcb5e4 sp=0x000000ec793fd810
Event: 21.902 Thread 0x00000273e8ca28e0 DEOPT UNPACKING pc=0x00000273d12123a3 sp=0x000000ec793fd7a0 mode 2
Event: 21.936 Thread 0x00000273e8ca28e0 Uncommon trap: trap_request=0xffffff76 fr.pc=0x00000273d8fc9e58 relative=0x0000000000001338
Event: 21.936 Thread 0x00000273e8ca28e0 Uncommon trap: reason=predicate action=maybe_recompile pc=0x00000273d8fc9e58 method=org.springframework.core.annotation.AnnotationsScanner.processClassInheritedAnnotations(Ljava/lang/Object;Ljava/lang/Class;Lorg/springframework/core/annotation/MergedAnnot
Event: 21.936 Thread 0x00000273e8ca28e0 DEOPT PACKING pc=0x00000273d8fc9e58 sp=0x000000ec793fd1b0
Event: 21.936 Thread 0x00000273e8ca28e0 DEOPT UNPACKING pc=0x00000273d12123a3 sp=0x000000ec793fcf68 mode 2
Event: 21.936 Thread 0x00000273e8ca28e0 Uncommon trap: trap_request=0xffffff76 fr.pc=0x00000273d8fd93d4 relative=0x00000000000011d4
Event: 21.936 Thread 0x00000273e8ca28e0 Uncommon trap: reason=predicate action=maybe_recompile pc=0x00000273d8fd93d4 method=org.springframework.core.annotation.AnnotationsScanner.processClassInheritedAnnotations(Ljava/lang/Object;Ljava/lang/Class;Lorg/springframework/core/annotation/MergedAnnot
Event: 21.936 Thread 0x00000273e8ca28e0 DEOPT PACKING pc=0x00000273d8fd93d4 sp=0x000000ec793fd110
Event: 21.936 Thread 0x00000273e8ca28e0 DEOPT UNPACKING pc=0x00000273d12123a3 sp=0x000000ec793fcf60 mode 2
Event: 21.984 Thread 0x00000273e8ca28e0 DEOPT PACKING pc=0x00000273d1f8fd98 sp=0x000000ec793fd3f0
Event: 21.984 Thread 0x00000273e8ca28e0 DEOPT UNPACKING pc=0x00000273d1212b43 sp=0x000000ec793fc850 mode 0
Event: 22.692 Thread 0x00000273e8ca28e0 Uncommon trap: trap_request=0xffffff45 fr.pc=0x00000273d8f8f144 relative=0x0000000000000f84
Event: 22.692 Thread 0x00000273e8ca28e0 Uncommon trap: reason=unstable_if action=reinterpret pc=0x00000273d8f8f144 method=java.lang.Class.getTypeName()Ljava/lang/String; @ 23 c2
Event: 22.692 Thread 0x00000273e8ca28e0 DEOPT PACKING pc=0x00000273d8f8f144 sp=0x000000ec793fd0e0
Event: 22.692 Thread 0x00000273e8ca28e0 DEOPT UNPACKING pc=0x00000273d12123a3 sp=0x000000ec793fd0c8 mode 2
Event: 22.789 Thread 0x00000273e8ca28e0 DEOPT PACKING pc=0x00000273d1f8fd98 sp=0x000000ec793fd340
Event: 22.789 Thread 0x00000273e8ca28e0 DEOPT UNPACKING pc=0x00000273d1212b43 sp=0x000000ec793fc7a0 mode 0

Classes unloaded (1 events):
Event: 19.594 Thread 0x00000273e716c250 Unloading class 0x000000080132c000 'jdk/internal/reflect/GeneratedSerializationConstructorAccessor1'

Classes redefined (0 events):
No events

Internal exceptions (20 events):
Event: 22.834 Thread 0x00000273e8ca28e0 Exception <a 'java/lang/ClassNotFoundException'{0x0000000089919360}: org/springframework/boot/devtools/autoconfigure/LocalDevToolsAutoConfiguration$RestartingClassPathChangeChangedEventListenerCustomizer> (0x0000000089919360) 
thrown [e:\jenkins\tmp\workspace\build\src\src\hotspot\share\classfile\systemDictionary.cpp, line 256]
Event: 22.835 Thread 0x00000273e8ca28e0 Exception <a 'java/lang/ClassNotFoundException'{0x0000000089922418}: org/springframework/context/ApplicationListenerCustomizer> (0x0000000089922418) 
thrown [e:\jenkins\tmp\workspace\build\src\src\hotspot\share\classfile\systemDictionary.cpp, line 256]
Event: 22.836 Thread 0x00000273e8ca28e0 Exception <a 'java/lang/ClassNotFoundException'{0x0000000089925ab8}: java/util/EventListenerCustomizer> (0x0000000089925ab8) 
thrown [e:\jenkins\tmp\workspace\build\src\src\hotspot\share\classfile\systemDictionary.cpp, line 256]
Event: 22.838 Thread 0x00000273e8ca28e0 Exception <a 'java/lang/ClassNotFoundException'{0x0000000089937fc0}: java/lang/ObjectCustomizer> (0x0000000089937fc0) 
thrown [e:\jenkins\tmp\workspace\build\src\src\hotspot\share\classfile\systemDictionary.cpp, line 256]
Event: 22.839 Thread 0x00000273e8ca28e0 Exception <a 'java/lang/ClassNotFoundException'{0x0000000089940758}: org/springframework/boot/devtools/classpath/PatternClassPathRestartStrategyCustomizer> (0x0000000089940758) 
thrown [e:\jenkins\tmp\workspace\build\src\src\hotspot\share\classfile\systemDictionary.cpp, line 256]
Event: 22.839 Thread 0x00000273e8ca28e0 Exception <a 'java/lang/ClassNotFoundException'{0x0000000089947cd0}: org/springframework/boot/devtools/classpath/ClassPathRestartStrategyCustomizer> (0x0000000089947cd0) 
thrown [e:\jenkins\tmp\workspace\build\src\src\hotspot\share\classfile\systemDictionary.cpp, line 256]
Event: 22.844 Thread 0x00000273e8ca28e0 Exception <a 'java/lang/ClassNotFoundException'{0x0000000089962bb8}: java/lang/ObjectCustomizer> (0x0000000089962bb8) 
thrown [e:\jenkins\tmp\workspace\build\src\src\hotspot\share\classfile\systemDictionary.cpp, line 256]
Event: 22.845 Thread 0x00000273e8ca28e0 Exception <a 'java/lang/ClassNotFoundException'{0x000000008996b2b0}: org/springframework/boot/devtools/classpath/ClassPathFileSystemWatcherCustomizer> (0x000000008996b2b0) 
thrown [e:\jenkins\tmp\workspace\build\src\src\hotspot\share\classfile\systemDictionary.cpp, line 256]
Event: 22.845 Thread 0x00000273e8ca28e0 Exception <a 'java/lang/ClassNotFoundException'{0x0000000089975c30}: org/springframework/beans/factory/InitializingBeanCustomizer> (0x0000000089975c30) 
thrown [e:\jenkins\tmp\workspace\build\src\src\hotspot\share\classfile\systemDictionary.cpp, line 256]
Event: 22.846 Thread 0x00000273e8ca28e0 Exception <a 'java/lang/ClassNotFoundException'{0x000000008997af98}: org/springframework/beans/factory/DisposableBeanCustomizer> (0x000000008997af98) 
thrown [e:\jenkins\tmp\workspace\build\src\src\hotspot\share\classfile\systemDictionary.cpp, line 256]
Event: 22.846 Thread 0x00000273e8ca28e0 Exception <a 'java/lang/ClassNotFoundException'{0x0000000089980360}: org/springframework/context/ApplicationContextAwareCustomizer> (0x0000000089980360) 
thrown [e:\jenkins\tmp\workspace\build\src\src\hotspot\share\classfile\systemDictionary.cpp, line 256]
Event: 22.847 Thread 0x00000273e8ca28e0 Exception <a 'java/lang/ClassNotFoundException'{0x00000000899861b0}: org/springframework/beans/factory/AwareCustomizer> (0x00000000899861b0) 
thrown [e:\jenkins\tmp\workspace\build\src\src\hotspot\share\classfile\systemDictionary.cpp, line 256]
Event: 22.856 Thread 0x00000273e8ca28e0 Exception <a 'java/lang/ClassNotFoundException'{0x00000000899b5170}: java/lang/ObjectCustomizer> (0x00000000899b5170) 
thrown [e:\jenkins\tmp\workspace\build\src\src\hotspot\share\classfile\systemDictionary.cpp, line 256]
Event: 22.856 Thread 0x00000273e8ca28e0 Exception <a 'java/lang/ClassNotFoundException'{0x00000000899bdca0}: org/springframework/boot/devtools/autoconfigure/ConditionEvaluationDeltaLoggingListenerCustomizer> (0x00000000899bdca0) 
thrown [e:\jenkins\tmp\workspace\build\src\src\hotspot\share\classfile\systemDictionary.cpp, line 256]
Event: 22.858 Thread 0x00000273e8ca28e0 Exception <a 'java/lang/ClassNotFoundException'{0x00000000899c9668}: org/springframework/context/ApplicationListenerCustomizer> (0x00000000899c9668) 
thrown [e:\jenkins\tmp\workspace\build\src\src\hotspot\share\classfile\systemDictionary.cpp, line 256]
Event: 22.858 Thread 0x00000273e8ca28e0 Exception <a 'java/lang/ClassNotFoundException'{0x00000000899ccca8}: java/util/EventListenerCustomizer> (0x00000000899ccca8) 
thrown [e:\jenkins\tmp\workspace\build\src\src\hotspot\share\classfile\systemDictionary.cpp, line 256]
Event: 22.859 Thread 0x00000273e8ca28e0 Exception <a 'java/lang/ClassNotFoundException'{0x00000000899d1738}: org/springframework/context/ApplicationContextAwareCustomizer> (0x00000000899d1738) 
thrown [e:\jenkins\tmp\workspace\build\src\src\hotspot\share\classfile\systemDictionary.cpp, line 256]
Event: 22.859 Thread 0x00000273e8ca28e0 Exception <a 'java/lang/ClassNotFoundException'{0x00000000899d7580}: org/springframework/beans/factory/AwareCustomizer> (0x00000000899d7580) 
thrown [e:\jenkins\tmp\workspace\build\src\src\hotspot\share\classfile\systemDictionary.cpp, line 256]
Event: 22.860 Thread 0x00000273e8ca28e0 Exception <a 'java/lang/ClassNotFoundException'{0x00000000899e0408}: java/lang/ObjectCustomizer> (0x00000000899e0408) 
thrown [e:\jenkins\tmp\workspace\build\src\src\hotspot\share\classfile\systemDictionary.cpp, line 256]
Event: 22.861 Thread 0x00000273e8ca28e0 Exception <a 'java/lang/ClassNotFoundException'{0x00000000899e9360}: org/springframework/boot/devtools/autoconfigure/LocalDevToolsAutoConfiguration$LiveReloadConfigurationCustomizer> (0x00000000899e9360) 
thrown [e:\jenkins\tmp\workspace\build\src\src\hotspot\share\classfile\systemDictionary.cpp, line 256]

VM Operations (20 events):
Event: 20.259 Executing VM operation: G1CollectForAllocation done
Event: 20.375 Executing VM operation: G1Concurrent
Event: 20.384 Executing VM operation: G1Concurrent done
Event: 20.446 Executing VM operation: G1Concurrent
Event: 20.453 Executing VM operation: G1Concurrent done
Event: 20.472 Executing VM operation: G1CollectForAllocation
Event: 20.481 Executing VM operation: G1CollectForAllocation done
Event: 20.488 Executing VM operation: G1CollectForAllocation
Event: 20.494 Executing VM operation: G1CollectForAllocation done
Event: 21.448 Executing VM operation: G1CollectForAllocation
Event: 21.458 Executing VM operation: G1CollectForAllocation done
Event: 21.597 Executing VM operation: G1Concurrent
Event: 21.603 Executing VM operation: G1Concurrent done
Event: 21.667 Executing VM operation: G1Concurrent
Event: 21.669 Executing VM operation: G1Concurrent done
Event: 22.682 Executing VM operation: Cleanup
Event: 22.682 Executing VM operation: Cleanup done
Event: 22.817 Executing VM operation: G1CollectForAllocation
Event: 22.831 Executing VM operation: G1CollectForAllocation done
Event: 22.866 Executing VM operation: G1CollectForAllocation

Events (20 events):
Event: 22.844 loading class java/lang/ObjectCustomizer done
Event: 22.844 loading class java/lang/ObjectCustomizer
Event: 22.844 loading class java/lang/ObjectCustomizer done
Event: 22.854 Thread 0x00000273e9752d40 Thread added: 0x00000273e9752d40
Event: 22.856 loading class java/lang/ObjectCustomizer
Event: 22.856 loading class java/lang/ObjectCustomizer done
Event: 22.856 loading class java/lang/ObjectCustomizer
Event: 22.856 loading class java/lang/ObjectCustomizer done
Event: 22.858 loading class java/util/EventListenerCustomizer
Event: 22.858 loading class java/util/EventListenerCustomizer done
Event: 22.858 loading class java/util/EventListenerCustomizer
Event: 22.858 loading class java/util/EventListenerCustomizer done
Event: 22.860 loading class java/lang/ObjectCustomizer
Event: 22.860 loading class java/lang/ObjectCustomizer done
Event: 22.860 loading class java/lang/ObjectCustomizer
Event: 22.860 loading class java/lang/ObjectCustomizer done
Event: 22.865 loading class java/util/concurrent/SynchronousQueue$TransferStack
Event: 22.865 loading class java/util/concurrent/SynchronousQueue$TransferStack done
Event: 22.865 loading class java/util/concurrent/SynchronousQueue$TransferStack$SNode
Event: 22.865 loading class java/util/concurrent/SynchronousQueue$TransferStack$SNode done


Dynamic libraries:
0x00007ff7a47a0000 - 0x00007ff7a47ae000 	C:\Program Files\Eclipse Adoptium\jdk-17.0.1.12-hotspot\bin\java.exe
0x00007ffabad90000 - 0x00007ffabaf88000 	C:\WINDOWS\SYSTEM32\ntdll.dll
0x00007ffaba6c0000 - 0x00007ffaba77d000 	C:\WINDOWS\System32\KERNEL32.DLL
0x00007ffab8770000 - 0x00007ffab8a42000 	C:\WINDOWS\System32\KERNELBASE.dll
0x00007ffab8a50000 - 0x00007ffab8b50000 	C:\WINDOWS\System32\ucrtbase.dll
0x00007ffaa4ef0000 - 0x00007ffaa4f08000 	C:\Program Files\Eclipse Adoptium\jdk-17.0.1.12-hotspot\bin\jli.dll
0x00007ffaba240000 - 0x00007ffaba3dd000 	C:\WINDOWS\System32\USER32.dll
0x00007ffab8c60000 - 0x00007ffab8c82000 	C:\WINDOWS\System32\win32u.dll
0x00007ffaba210000 - 0x00007ffaba23b000 	C:\WINDOWS\System32\GDI32.dll
0x00007ffab8b50000 - 0x00007ffab8c5f000 	C:\WINDOWS\System32\gdi32full.dll
0x00007ffab84a0000 - 0x00007ffab853d000 	C:\WINDOWS\System32\msvcp_win.dll
0x00007ffaa4f10000 - 0x00007ffaa4f29000 	C:\Program Files\Eclipse Adoptium\jdk-17.0.1.12-hotspot\bin\VCRUNTIME140.dll
0x00007ffaa1a80000 - 0x00007ffaa1d1a000 	C:\WINDOWS\WinSxS\amd64_microsoft.windows.common-controls_6595b64144ccf1df_6.0.19041.1110_none_60b5254171f9507e\COMCTL32.dll
0x00007ffabacb0000 - 0x00007ffabad4e000 	C:\WINDOWS\System32\msvcrt.dll
0x00007ffab94e0000 - 0x00007ffab9510000 	C:\WINDOWS\System32\IMM32.DLL
0x00007ffab3930000 - 0x00007ffab393c000 	C:\Program Files\Eclipse Adoptium\jdk-17.0.1.12-hotspot\bin\vcruntime140_1.dll
0x00007ffa9d3c0000 - 0x00007ffa9d451000 	C:\Program Files\Eclipse Adoptium\jdk-17.0.1.12-hotspot\bin\msvcp140.dll
0x00007ffa09dc0000 - 0x00007ffa0aa06000 	C:\Program Files\Eclipse Adoptium\jdk-17.0.1.12-hotspot\bin\server\jvm.dll
0x00007ffaba610000 - 0x00007ffaba6be000 	C:\WINDOWS\System32\ADVAPI32.dll
0x00007ffababf0000 - 0x00007ffabac8c000 	C:\WINDOWS\System32\sechost.dll
0x00007ffaba920000 - 0x00007ffabaa45000 	C:\WINDOWS\System32\RPCRT4.dll
0x00007ffababe0000 - 0x00007ffababe8000 	C:\WINDOWS\System32\PSAPI.DLL
0x00007ffa9f130000 - 0x00007ffa9f139000 	C:\WINDOWS\SYSTEM32\WSOCK32.dll
0x00007ffaba850000 - 0x00007ffaba8bb000 	C:\WINDOWS\System32\WS2_32.dll
0x00007ffaa32d0000 - 0x00007ffaa32f7000 	C:\WINDOWS\SYSTEM32\WINMM.dll
0x00007ffaac9b0000 - 0x00007ffaac9ba000 	C:\WINDOWS\SYSTEM32\VERSION.dll
0x00007ffab6cb0000 - 0x00007ffab6cc2000 	C:\WINDOWS\SYSTEM32\kernel.appcore.dll
0x00007ffab1840000 - 0x00007ffab184a000 	C:\Program Files\Eclipse Adoptium\jdk-17.0.1.12-hotspot\bin\jimage.dll
0x00007ffab59d0000 - 0x00007ffab5bb4000 	C:\WINDOWS\SYSTEM32\DBGHELP.DLL
0x00007ffa89b20000 - 0x00007ffa89b4c000 	C:\WINDOWS\SYSTEM32\dbgcore.DLL
0x00007ffab86e0000 - 0x00007ffab8762000 	C:\WINDOWS\System32\bcryptPrimitives.dll
0x00007ffab0400000 - 0x00007ffab040e000 	C:\Program Files\Eclipse Adoptium\jdk-17.0.1.12-hotspot\bin\instrument.dll
0x00007ffaa4ec0000 - 0x00007ffaa4ee5000 	C:\Program Files\Eclipse Adoptium\jdk-17.0.1.12-hotspot\bin\java.dll
0x00007ffa922c0000 - 0x00007ffa92396000 	C:\Program Files\Eclipse Adoptium\jdk-17.0.1.12-hotspot\bin\svml.dll
0x00007ffab9910000 - 0x00007ffaba053000 	C:\WINDOWS\System32\SHELL32.dll
0x00007ffab6500000 - 0x00007ffab6c91000 	C:\WINDOWS\SYSTEM32\windows.storage.dll
0x00007ffab9510000 - 0x00007ffab9864000 	C:\WINDOWS\System32\combase.dll
0x00007ffab7e20000 - 0x00007ffab7e50000 	C:\WINDOWS\SYSTEM32\Wldp.dll
0x00007ffaba560000 - 0x00007ffaba60d000 	C:\WINDOWS\System32\SHCORE.dll
0x00007ffaba8c0000 - 0x00007ffaba915000 	C:\WINDOWS\System32\shlwapi.dll
0x00007ffab83e0000 - 0x00007ffab83ff000 	C:\WINDOWS\SYSTEM32\profapi.dll
0x00007ffaa2ae0000 - 0x00007ffaa2af8000 	C:\Program Files\Eclipse Adoptium\jdk-17.0.1.12-hotspot\bin\zip.dll
0x00007ffaa4ea0000 - 0x00007ffaa4eb9000 	C:\Program Files\Eclipse Adoptium\jdk-17.0.1.12-hotspot\bin\net.dll
0x00007ffab2cb0000 - 0x00007ffab2dbd000 	C:\WINDOWS\SYSTEM32\WINHTTP.dll
0x00007ffab7c00000 - 0x00007ffab7c6a000 	C:\WINDOWS\system32\mswsock.dll
0x00007ffaa4e60000 - 0x00007ffaa4e75000 	C:\Program Files\Eclipse Adoptium\jdk-17.0.1.12-hotspot\bin\nio.dll
0x00007ffa6eed0000 - 0x00007ffa6eeea000 	C:\Program Files\JetBrains\IntelliJ IDEA Community Edition 2021.3.3\bin\breakgen64.dll
0x00007ffaaf000000 - 0x00007ffaaf010000 	C:\Program Files\Eclipse Adoptium\jdk-17.0.1.12-hotspot\bin\verify.dll
0x00007ffaa2970000 - 0x00007ffaa2979000 	C:\Program Files\Eclipse Adoptium\jdk-17.0.1.12-hotspot\bin\management.dll
0x00007ffaa2800000 - 0x00007ffaa280b000 	C:\Program Files\Eclipse Adoptium\jdk-17.0.1.12-hotspot\bin\management_ext.dll
0x00007ffa8ee70000 - 0x00007ffa8ee87000 	C:\WINDOWS\system32\napinsp.dll
0x00007ffa8e340000 - 0x00007ffa8e35b000 	C:\WINDOWS\system32\pnrpnsp.dll
0x00007ffab2300000 - 0x00007ffab2315000 	C:\WINDOWS\system32\wshbth.dll
0x00007ffab36b0000 - 0x00007ffab36cd000 	C:\WINDOWS\system32\NLAapi.dll
0x00007ffab78c0000 - 0x00007ffab78fb000 	C:\WINDOWS\SYSTEM32\IPHLPAPI.DLL
0x00007ffab7900000 - 0x00007ffab79ca000 	C:\WINDOWS\SYSTEM32\DNSAPI.dll
0x00007ffab9880000 - 0x00007ffab9888000 	C:\WINDOWS\System32\NSI.dll
0x00007ffa8e320000 - 0x00007ffa8e332000 	C:\WINDOWS\System32\winrnr.dll
0x00007ffaae220000 - 0x00007ffaae22a000 	C:\Windows\System32\rasadhlp.dll
0x00007ffaa3720000 - 0x00007ffaa37a0000 	C:\WINDOWS\System32\fwpuclnt.dll
0x00007ffab8540000 - 0x00007ffab8567000 	C:\WINDOWS\System32\bcrypt.dll
0x00007ffab7e60000 - 0x00007ffab7e78000 	C:\WINDOWS\SYSTEM32\CRYPTSP.dll
0x00007ffab7460000 - 0x00007ffab7494000 	C:\WINDOWS\system32\rsaenh.dll
0x00007ffab83a0000 - 0x00007ffab83ce000 	C:\WINDOWS\SYSTEM32\USERENV.dll
0x00007ffab7d90000 - 0x00007ffab7d9c000 	C:\WINDOWS\SYSTEM32\CRYPTBASE.dll
0x00007ffaa50d0000 - 0x00007ffaa50e7000 	C:\WINDOWS\SYSTEM32\dhcpcsvc6.DLL
0x00007ffaa5280000 - 0x00007ffaa529d000 	C:\WINDOWS\SYSTEM32\dhcpcsvc.DLL
0x00007ffa7a690000 - 0x00007ffa7a69e000 	C:\Program Files\Eclipse Adoptium\jdk-17.0.1.12-hotspot\bin\sunmscapi.dll
0x00007ffab8c90000 - 0x00007ffab8de6000 	C:\WINDOWS\System32\CRYPT32.dll
0x00007ffab7f70000 - 0x00007ffab7f97000 	C:\WINDOWS\SYSTEM32\ncrypt.dll
0x00007ffab7f30000 - 0x00007ffab7f6b000 	C:\WINDOWS\SYSTEM32\NTASN1.dll

dbghelp: loaded successfully - version: 4.0.5 - missing functions: none
symbol engine: initialized successfully - sym options: 0x614 - pdb path: .;C:\Program Files\Eclipse Adoptium\jdk-17.0.1.12-hotspot\bin;C:\WINDOWS\SYSTEM32;C:\WINDOWS\WinSxS\amd64_microsoft.windows.common-controls_6595b64144ccf1df_6.0.19041.1110_none_60b5254171f9507e;C:\Program Files\Eclipse Adoptium\jdk-17.0.1.12-hotspot\bin\server;C:\Program Files\JetBrains\IntelliJ IDEA Community Edition 2021.3.3\bin

VM Arguments:
jvm_args: -javaagent:C:\Program Files\JetBrains\IntelliJ IDEA Community Edition 2021.3.3\lib\idea_rt.jar=55027:C:\Program Files\JetBrains\IntelliJ IDEA Community Edition 2021.3.3\bin -Dfile.encoding=UTF-8 
java_command: com.mycompany.billingservice.BillingServiceApplication
java_class_path (initial): D:\PROJETS TECH\Gestion clinique\billing-service\target\classes;C:\Users\Jacques\.m2\repository\org\springframework\boot\spring-boot-starter-data-jpa\2.7.5\spring-boot-starter-data-jpa-2.7.5.jar;C:\Users\Jacques\.m2\repository\org\springframework\boot\spring-boot-starter-aop\2.7.5\spring-boot-starter-aop-2.7.5.jar;C:\Users\Jacques\.m2\repository\org\springframework\spring-aop\5.3.23\spring-aop-5.3.23.jar;C:\Users\Jacques\.m2\repository\org\aspectj\aspectjweaver\1.9.7\aspectjweaver-1.9.7.jar;C:\Users\Jacques\.m2\repository\org\springframework\boot\spring-boot-starter-jdbc\2.7.5\spring-boot-starter-jdbc-2.7.5.jar;C:\Users\Jacques\.m2\repository\com\zaxxer\HikariCP\4.0.3\HikariCP-4.0.3.jar;C:\Users\Jacques\.m2\repository\org\springframework\spring-jdbc\5.3.23\spring-jdbc-5.3.23.jar;C:\Users\Jacques\.m2\repository\jakarta\transaction\jakarta.transaction-api\1.3.3\jakarta.transaction-api-1.3.3.jar;C:\Users\Jacques\.m2\repository\jakarta\persistence\jakarta.persistence-api\2.2.3\jakarta.persistence-api-2.2.3.jar;C:\Users\Jacques\.m2\repository\org\hibernate\hibernate-core\5.6.12.Final\hibernate-core-5.6.12.Final.jar;C:\Users\Jacques\.m2\repository\org\jboss\logging\jboss-logging\3.4.3.Final\jboss-logging-3.4.3.Final.jar;C:\Users\Jacques\.m2\repository\net\bytebuddy\byte-buddy\1.12.18\byte-buddy-1.12.18.jar;C:\Users\Jacques\.m2\repository\antlr\antlr\2.7.7\antlr-2.7.7.jar;C:\Users\Jacques\.m2\repository\org\jboss\jandex\2.4.2.Final\jandex-2.4.2.Final.jar;C:\Users\Jacques\.m2\repository\com\fasterxml\classmate\1.5.1\classmate-1.5.1.jar;C:\Users\Jacques\.m2\repository\org\hibernate\common\hibernate-commons-annotations\5.1.2.Final\hibernate-commons-annotations-5.1.2.Final.jar;C:\Users\Jacques\.m2\repository\org\glassfish\jaxb\jaxb-runtime\2.3.7\jaxb-runtime-2.3.7.jar;C:\Users\Jacques\.m2\repository\org\glassfish\jaxb\txw2\2.3.7\txw2-2.3.7.jar;C:\Users\Jacques\.m2\repository\com\sun\istack\istack-commons-runtime\3.0.12\istack-commons-runtime-3.0.12
Launcher Type: SUN_STANDARD

[Global flags]
     intx CICompilerCount                          = 3                                         {product} {ergonomic}
     uint ConcGCThreads                            = 1                                         {product} {ergonomic}
     uint G1ConcRefinementThreads                  = 4                                         {product} {ergonomic}
   size_t G1HeapRegionSize                         = 1048576                                   {product} {ergonomic}
    uintx GCDrainStackTargetSize                   = 64                                        {product} {ergonomic}
   size_t InitialHeapSize                          = 134217728                                 {product} {ergonomic}
   size_t MarkStackSize                            = 4194304                                   {product} {ergonomic}
   size_t MaxHeapSize                              = 2120220672                                {product} {ergonomic}
   size_t MaxNewSize                               = 1271922688                                {product} {ergonomic}
   size_t MinHeapDeltaBytes                        = 1048576                                   {product} {ergonomic}
   size_t MinHeapSize                              = 8388608                                   {product} {ergonomic}
    uintx NonNMethodCodeHeapSize                   = 5832780                                {pd product} {ergonomic}
    uintx NonProfiledCodeHeapSize                  = 122912730                              {pd product} {ergonomic}
    uintx ProfiledCodeHeapSize                     = 122912730                              {pd product} {ergonomic}
    uintx ReservedCodeCacheSize                    = 251658240                              {pd product} {ergonomic}
     bool SegmentedCodeCache                       = true                                      {product} {ergonomic}
   size_t SoftMaxHeapSize                          = 2120220672                             {manageable} {ergonomic}
     bool UseCompressedClassPointers               = true                           {product lp64_product} {ergonomic}
     bool UseCompressedOops                        = true                           {product lp64_product} {ergonomic}
     bool UseG1GC                                  = true                                      {product} {ergonomic}
     bool UseLargePagesIndividualAllocation        = false                                  {pd product} {ergonomic}

Logging:
Log output configuration:
 #0: stdout all=warning uptime,level,tags
 #1: stderr all=off uptime,level,tags

Environment Variables:
JAVA_HOME=C:\Program Files\Java\jdk1.8.0_271
PATH=C:\Program Files\Eclipse Adoptium\jdk-17.0.1.12-hotspot\bin;C:\Program Files (x86)\Common Files\Oracle\Java\javapath;C:\WINDOWS\system32;C:\WINDOWS;C:\WINDOWS\System32\Wbem;C:\WINDOWS\System32\WindowsPowerShell\v1.0\;C:\WINDOWS\System32\OpenSSH\;C:\Program Files\Git\cmd;C:\Program Files\nodejs\;C:\Program Files\Java\jdk1.8.0_271\bin;C:\Program Files (x86)\dotnet\;C:\Program Files (x86)\Intel\Intel(R) Management Engine Components\DAL;C:\Program Files\Intel\Intel(R) Management Engine Components\DAL;C:\Program Files\dotnet\;C:\Users\Jacques\AppData\Local\Programs\Python\Python310\Scripts\;C:\Users\Jacques\AppData\Local\Programs\Python\Python310\;C:\Users\Jacques\AppData\Roaming\npm;C:\Users\acer\AppData\Local\Programs\Microsoft VS Code\bin;C:\Users\acer\AppData\Roaming\npm;C:\Users\Jacques\AppData\Local\Programs\Microsoft VS Code\bin;C:\src\flutter\bin;C:\Program Files\JetBrains\IntelliJ IDEA Community Edition 2021.3.3\bin;;C:\Users\Jacques\GlassFish_Server\bin;
USERNAME=acer
OS=Windows_NT
PROCESSOR_IDENTIFIER=Intel64 Family 6 Model 78 Stepping 3, GenuineIntel



---------------  S Y S T E M  ---------------

OS:
 Windows 10 , 64 bit Build 19041 (10.0.19041.1889)
OS uptime: 0 days 13:58 hours
Hyper-V role detected

CPU: total 4 (initial active 4) (2 cores per cpu, 2 threads per core) family 6 model 78 stepping 3 microcode 0xea, cx8, cmov, fxsr, ht, mmx, 3dnowpref, sse, sse2, sse3, ssse3, sse4.1, sse4.2, popcnt, lzcnt, tsc, tscinvbit, avx, avx2, aes, erms, clmul, bmi1, bmi2, rtm, adx, fma, vzeroupper, clflush, clflushopt, hv

Memory: 4k page, system-wide physical 8083M (886M free)
TotalPageFile size 17876M (AvailPageFile size 19M)
current process WorkingSet (physical memory assigned to process): 313M, peak: 321M
current process commit charge ("private bytes"): 343M, peak: 366M

vm_info: OpenJDK 64-Bit Server VM (17.0.1+12) for windows-amd64 JRE (17.0.1+12), built on Oct 20 2021 07:42:55 by "" with MS VC++ 16.7 (VS2019)

END.
